<?xml version="1.0" encoding="UTF-8"?>
<testsuite xmlns:xsi="http://www.w3.org/2001/XMLSchema-instance" xsi:noNamespaceSchemaLocation="https://maven.apache.org/surefire/maven-surefire-plugin/xsd/surefire-test-report.xsd" name="com.macros.persistence.AppTest" time="0.033" tests="1" errors="0" skipped="0" failures="0">
  <properties>
    <property name="sun.desktop" value="windows"/>
    <property name="awt.toolkit" value="sun.awt.windows.WToolkit"/>
    <property name="file.encoding.pkg" value="sun.io"/>
    <property name="java.specification.version" value="1.8"/>
    <property name="sun.cpu.isalist" value="amd64"/>
    <property name="sun.jnu.encoding" value="Cp1252"/>
    <property name="java.class.path" value="C:\Users\jose osorio soto\HDOOA\Macros-App\MacrosApp\PersistenceLayer\target\test-classes;C:\Users\jose osorio soto\HDOOA\Macros-App\MacrosApp\PersistenceLayer\target\classes;C:\Users\jose osorio soto\.m2\repository\junit\junit\4.11\junit-4.11.jar;C:\Users\jose osorio soto\.m2\repository\org\hamcrest\hamcrest-core\1.3\hamcrest-core-1.3.jar;C:\Users\jose osorio soto\.m2\repository\mysql\mysql-connector-java\8.0.12\mysql-connector-java-8.0.12.jar;C:\Users\jose osorio soto\.m2\repository\com\google\protobuf\protobuf-java\2.6.0\protobuf-java-2.6.0.jar;C:\Users\jose osorio soto\.m2\repository\com\ricks\RicksUtils\1.0-SNAPSHOT\RicksUtils-1.0-SNAPSHOT.jar;"/>
    <property name="java.vm.vendor" value="Oracle Corporation"/>
    <property name="sun.arch.data.model" value="64"/>
    <property name="user.variant" value=""/>
    <property name="java.vendor.url" value="http://java.oracle.com/"/>
    <property name="user.timezone" value="America/La_Paz"/>
    <property name="java.vm.specification.version" value="1.8"/>
    <property name="os.name" value="Windows 10"/>
    <property name="user.country" value="US"/>
    <property name="sun.java.launcher" value="SUN_STANDARD"/>
    <property name="sun.boot.library.path" value="C:\Program Files\Java\jdk1.8.0_201\jre\bin"/>
    <property name="sun.java.command" value="C:\Users\JOSEOS~1\AppData\Local\Temp\surefire2714935366900635845\surefirebooter3239059521738479211.jar C:\Users\jose osorio soto\AppData\Local\Temp\surefire2714935366900635845 2019-10-22T17-47-44_331-jvmRun1 surefire7648112090327083391tmp surefire_01066509759465073767tmp"/>
    <property name="surefire.test.class.path" value="C:\Users\jose osorio soto\HDOOA\Macros-App\MacrosApp\PersistenceLayer\target\test-classes;C:\Users\jose osorio soto\HDOOA\Macros-App\MacrosApp\PersistenceLayer\target\classes;C:\Users\jose osorio soto\.m2\repository\junit\junit\4.11\junit-4.11.jar;C:\Users\jose osorio soto\.m2\repository\org\hamcrest\hamcrest-core\1.3\hamcrest-core-1.3.jar;C:\Users\jose osorio soto\.m2\repository\mysql\mysql-connector-java\8.0.12\mysql-connector-java-8.0.12.jar;C:\Users\jose osorio soto\.m2\repository\com\google\protobuf\protobuf-java\2.6.0\protobuf-java-2.6.0.jar;C:\Users\jose osorio soto\.m2\repository\com\ricks\RicksUtils\1.0-SNAPSHOT\RicksUtils-1.0-SNAPSHOT.jar;"/>
    <property name="sun.cpu.endian" value="little"/>
    <property name="user.home" value="C:\Users\jose osorio soto"/>
    <property name="user.language" value="en"/>
    <property name="java.specification.vendor" value="Oracle Corporation"/>
    <property name="java.home" value="C:\Program Files\Java\jdk1.8.0_201\jre"/>
    <property name="basedir" value="C:\Users\jose osorio soto\HDOOA\Macros-App\MacrosApp\PersistenceLayer"/>
    <property name="file.separator" value="\"/>
    <property name="line.separator" value="&#10;"/>
    <property name="java.vm.specification.vendor" value="Oracle Corporation"/>
    <property name="java.specification.name" value="Java Platform API Specification"/>
    <property name="java.awt.graphicsenv" value="sun.awt.Win32GraphicsEnvironment"/>
    <property name="surefire.real.class.path" value="C:\Users\JOSEOS~1\AppData\Local\Temp\surefire2714935366900635845\surefirebooter3239059521738479211.jar"/>
    <property name="sun.boot.class.path" value="C:\Program Files\Java\jdk1.8.0_201\jre\lib\resources.jar;C:\Program Files\Java\jdk1.8.0_201\jre\lib\rt.jar;C:\Program Files\Java\jdk1.8.0_201\jre\lib\sunrsasign.jar;C:\Program Files\Java\jdk1.8.0_201\jre\lib\jsse.jar;C:\Program Files\Java\jdk1.8.0_201\jre\lib\jce.jar;C:\Program Files\Java\jdk1.8.0_201\jre\lib\charsets.jar;C:\Program Files\Java\jdk1.8.0_201\jre\lib\jfr.jar;C:\Program Files\Java\jdk1.8.0_201\jre\classes"/>
    <property name="user.script" value=""/>
    <property name="sun.management.compiler" value="HotSpot 64-Bit Tiered Compilers"/>
    <property name="java.runtime.version" value="1.8.0_201-b09"/>
    <property name="user.name" value="Jose Osorio Soto"/>
    <property name="path.separator" value=";"/>
    <property name="os.version" value="10.0"/>
    <property name="java.endorsed.dirs" value="C:\Program Files\Java\jdk1.8.0_201\jre\lib\endorsed"/>
    <property name="java.runtime.name" value="Java(TM) SE Runtime Environment"/>
    <property name="file.encoding" value="Cp1252"/>
    <property name="java.vm.name" value="Java HotSpot(TM) 64-Bit Server VM"/>
    <property name="localRepository" value="C:\Users\jose osorio soto\.m2\repository"/>
    <property name="java.vendor.url.bug" value="http://bugreport.sun.com/bugreport/"/>
    <property name="java.io.tmpdir" value="C:\Users\JOSEOS~1\AppData\Local\Temp\"/>
    <property name="java.version" value="1.8.0_201"/>
    <property name="user.dir" value="C:\Users\jose osorio soto\HDOOA\Macros-App\MacrosApp\PersistenceLayer"/>
    <property name="os.arch" value="amd64"/>
    <property name="java.vm.specification.name" value="Java Virtual Machine Specification"/>
    <property name="java.awt.printerjob" value="sun.awt.windows.WPrinterJob"/>
    <property name="sun.os.patch.level" value=""/>
    <property name="java.library.path" value="C:\Program Files\Java\jdk1.8.0_201\jre\bin;C:\WINDOWS\Sun\Java\bin;C:\WINDOWS\system32;C:\WINDOWS;D:\app\Jose_Osorio_Soto\product\11.2.0\client_1;D:\app\Jose_Osorio_Soto\product\11.2.0\client_1\bin;C:\Program Files\Java\jdk1.8.0_201\bin;C:\WINDOWS\system32;C:\WINDOWS;C:\WINDOWS\System32\Wbem;C:\WINDOWS\System32\WindowsPowerShell\v1.0\;C:\Program Files (x86)\Windows Kits\10\Windows Performance Toolkit\;C:\Program Files\nodejs\;C:\apache-maven-3.6.0\bin;C:\Oracle\Middleware\Oracle_Home\user_projects\domains\base_domain;C:\Program Files\MongoDB\Server\4.0\bin;C:\apache-tomcat-8.5.38-windows-x64\apache-tomcat-8.5.38\bin;%CATALINA_HOME\bin%;C:\Program Files\MySQL\MySQL Server 8.0\bin\;C:\composer;C:\WINDOWS\System32\OpenSSH\;C:\MySQL\bin;C:\Program Files\Java\jdk1.8.0_201\bin;C:\windows\system32;C:\windows;C:\windows\System32\Wbem;C:\windows\System32\WindowsPowerShell\v1.0\;C:\Program Files (x86)\Windows Kits\10\Windows Performance Toolkit\;C:\Program Files\nodejs\;C:\apache-maven-3.6.0\bin;C:\Oracle\Middleware\Oracle_Home\user_projects\domains\base_domain;C:\Users\jose osorio soto\AppData\Local\Microsoft\WindowsApps;C:\Users\jose osorio soto\AppData\Local\Programs\Git\cmd;C:\Users\jose osorio soto\AppData\Local\Programs\Microsoft VS Code\bin;C:\Users\jose osorio soto\AppData\Roaming\npm;C:\Program Files\JetBrains\IntelliJ IDEA 2018.3.3\bin;C:\Program Files\MongoDB\Server\4.0\bin\mongod.exe;C:\Users\jose osorio soto\AppData\Local\JetBrains\IntelliJ IDEA 2019.1.3\bin;;C:\xampp\php;C:\Users\jose osorio soto\AppData\Roaming\Composer\vendor\bin;C:\Program Files\JetBrains\IntelliJ IDEA Community Edition 2019.1.1\bin;;C:\Users\jose osorio soto\AppData\Local\Microsoft\WindowsApps;;."/>
    <property name="java.vm.info" value="mixed mode"/>
    <property name="java.vendor" value="Oracle Corporation"/>
    <property name="java.vm.version" value="25.201-b09"/>
    <property name="java.ext.dirs" value="C:\Program Files\Java\jdk1.8.0_201\jre\lib\ext;C:\WINDOWS\Sun\Java\lib\ext"/>
    <property name="sun.io.unicode.encoding" value="UnicodeLittle"/>
    <property name="java.class.version" value="52.0"/>
  </properties>
  <testcase name="shouldAnswerWithTrue" classname="com.macros.persistence.AppTest" time="0.001"/>
</testsuite>